<?xml version="1.0" encoding="UTF-8"?>
<!-- Generated by org.testng.reporters.JUnitReportReporter -->
<testsuite hostname="acaabaeeefffcbfbbedeeebcabae-0" failures="0" tests="2" name="runner.TestRunner" time="23.216" errors="0" timestamp="2025-04-22T20:07:32 UTC" skipped="0">
  <testcase classname="runner.TestRunner" name="testScheduleNow" time="12.159"/>
  <testcase classname="runner.TestRunner" name="testFindDoctor" time="11.057"/>
</testsuite> <!-- runner.TestRunner -->
