<?xml version="1.0" encoding="UTF-8"?>
<!-- Generated by org.testng.reporters.JUnitReportReporter -->
<testsuite hostname="acaabaeeefffcbfbbedeeebcabae-0" failures="0" tests="10" name="runner.TestRunner" time="200.745" errors="0" timestamp="2025-04-23T10:07:35 UTC" skipped="0">
  <testcase classname="runner.TestRunner" name="testCase02" time="6.889"/>
  <testcase classname="runner.TestRunner" name="healthTest" time="14.582"/>
  <testcase classname="runner.TestRunner" name="testScheduleNow" time="11.717"/>
  <testcase classname="runner.TestRunner" name="testcase2" time="9.484"/>
  <testcase classname="runner.TestRunner" name="footerIconTestCase" time="28.135"/>
  <testcase classname="runner.TestRunner" name="testCase1" time="12.721"/>
  <testcase classname="runner.TestRunner" name="testFindDoctor" time="12.986"/>
  <testcase classname="runner.TestRunner" name="FooterTestCase" time="20.146"/>
  <testcase classname="runner.TestRunner" name="actionsTest" time="77.275"/>
  <testcase classname="runner.TestRunner" name="testCase01" time="6.810"/>
</testsuite> <!-- runner.TestRunner -->
