<?xml version="1.0" encoding="UTF-8"?>
<!-- Generated by org.testng.reporters.JUnitReportReporter -->
<testsuite hostname="acaabaeeefffcbfbbedeeebcabae-0" failures="0" tests="1" name="runner.TestRunner" time="4.698" errors="0" timestamp="2025-04-21T13:04:38 UTC" skipped="0">
  <testcase classname="runner.TestRunner" name="openBro" time="4.698"/>
</testsuite> <!-- runner.TestRunner -->
